d:\курсы с++ бауманка\sfml_1\sfml_1\release\vc140.pdb
d:\курсы с++ бауманка\sfml_1\sfml_1\release\main.obj
d:\программирование\курсы с++ бауманка\sfml_1\sfml_1\release\vc142.pdb
d:\программирование\курсы с++ бауманка\sfml_1\sfml_1\release\main.obj
d:\курсы с++ бауманка\sfml_1\release\sfml_1.exe
d:\курсы с++ бауманка\sfml_1\release\sfml_1.ipdb
d:\курсы с++ бауманка\sfml_1\release\sfml_1.iobj
d:\курсы с++ бауманка\sfml_1\release\sfml_1.pdb
d:\программирование\курсы с++ бауманка\sfml_1\release\sfml_1.exe
d:\программирование\курсы с++ бауманка\sfml_1\release\sfml_1.pdb
d:\программирование\курсы с++ бауманка\sfml_1\release\sfml_1.ipdb
d:\программирование\курсы с++ бауманка\sfml_1\release\sfml_1.iobj
d:\программирование\курсы с++ бауманка\sfml_1\sfml_1\release\vc140.pdb
d:\программирование\курсы с++ бауманка\sfml_1\sfml_1\release\sfml_1.tlog\cl.command.1.tlog
d:\программирование\курсы с++ бауманка\sfml_1\sfml_1\release\sfml_1.tlog\cl.read.1.tlog
d:\программирование\курсы с++ бауманка\sfml_1\sfml_1\release\sfml_1.tlog\cl.write.1.tlog
d:\программирование\курсы с++ бауманка\sfml_1\sfml_1\release\sfml_1.tlog\link.command.1.tlog
d:\программирование\курсы с++ бауманка\sfml_1\sfml_1\release\sfml_1.tlog\link.delete.1.tlog
d:\программирование\курсы с++ бауманка\sfml_1\sfml_1\release\sfml_1.tlog\link.read.1.tlog
d:\программирование\курсы с++ бауманка\sfml_1\sfml_1\release\sfml_1.tlog\link.write.1.tlog
d:\программирование\курсы с++ бауманка\sfml_1\sfml_1\release\sfml_1.tlog\sfml_1.write.1u.tlog
